fatal: Not a git repository (or any of the parent directories): .git
fatal: Not a git repository (or any of the parent directories): .git
fatal: Not a git repository (or any of the parent directories): .git
fatal: Not a git repository (or any of the parent directories): .git
fatal: Not a git repository (or any of the parent directories): .git
fatal: Not a git repository (or any of the parent directories): .git
fatal: Not a git repository (or any of the parent directories): .git
fatal: Not a git repository (or any of the parent directories): .git
fatal: Not a git repository (or any of the parent directories): .git
remote: This repository moved. Please use the new location:        
remote:   git@github.com:StaticMian/NetWorkLearningMaterials.git        
To github.com:StaticMian/HRDS.git
   9f96b88..9e01add  master -> master
remote: This repository moved. Please use the new location:        
remote:   git@github.com:StaticMian/NetWorkLearningMaterials.git        
To github.com:StaticMian/HRDS.git
   9e01add..448d6db  master -> master
remote: This repository moved. Please use the new location:        
remote:   git@github.com:StaticMian/NetWorkLearningMaterials.git        
To github.com:StaticMian/HRDS.git
   448d6db..f403583  master -> master
remote: This repository moved. Please use the new location:        
remote:   git@github.com:StaticMian/NetWorkLearningMaterials.git        
To github.com:StaticMian/HRDS.git
   f403583..e1c8111  master -> master
remote: This repository moved. Please use the new location:        
remote:   git@github.com:StaticMian/NetWorkLearningMaterials.git        
To github.com:StaticMian/HRDS.git
   e1c8111..86523dd  master -> master
remote: This repository moved. Please use the new location:        
remote:   git@github.com:StaticMian/NetWorkLearningMaterials.git        
To github.com:StaticMian/HRDS.git
   86523dd..8461de9  master -> master
